2019-04-09 15:45:28 +0000  Initial pipeline context: <IDEDistributionProcessingPipelineContext: 0x7fdabc488cc0; archive(resolved)='<IDEArchive: 0x7fdabc840660>', distributionTask(resolved)='2', distributionDestination(resolved)='1', distributionMethod(resolved)='<IDEDistributionMethodDeveloperID: 0x7fdabb91e740>', team(resolved)='<IDEProvisioningDisambiguatableBasicTeam: 0x7fdabd5a8390; teamID='Y6NNK3UQHG', teamName='Seiji Harazono', teamType='Individual', username='onoz.dev@gmail.com', isFreeProvisioningTeam='0'>'>
	Chain (11, self inclusive):
	<IDEDistributionProcessingPipelineContext: 0x7fdabc488cc0; archive = '<IDEArchive: 0x7fdabc840660>', distributionMethod='<IDEDistributionMethodDeveloperID: 0x7fdabb91e740>', team='<IDEProvisioningDisambiguatableBasicTeam: 0x7fdabd5a8390; teamID='Y6NNK3UQHG', teamName='Seiji Harazono', teamType='Individual', username='onoz.dev@gmail.com', isFreeProvisioningTeam='0'>'>
	<IDEDistributionProcessingPipelineContext: 0x7fdac47562f0; archive = '<IDEArchive: 0x7fdabc840660>', distributionMethod='<IDEDistributionMethodDeveloperID: 0x7fdabb91e740>', team='<IDEProvisioningDisambiguatableBasicTeam: 0x7fdabd5a8390; teamID='Y6NNK3UQHG', teamName='Seiji Harazono', teamType='Individual', username='onoz.dev@gmail.com', isFreeProvisioningTeam='0'>'>
	<IDEDistributionContext: 0x7fdac46866d0; archive = '<IDEArchive: 0x7fdabc840660>', distributionMethod='<IDEDistributionMethodDeveloperID: 0x7fdabb91e740>', team='<IDEProvisioningDisambiguatableBasicTeam: 0x7fdabd5a8390; teamID='Y6NNK3UQHG', teamName='Seiji Harazono', teamType='Individual', username='onoz.dev@gmail.com', isFreeProvisioningTeam='0'>'>
	<IDEDistributionContext: 0x7fdac461ce70; archive = '<IDEArchive: 0x7fdabc840660>', distributionMethod='<IDEDistributionMethodDeveloperID: 0x7fdabb91e740>', team='<IDEProvisioningDisambiguatableBasicTeam: 0x7fdabd5a8390; teamID='Y6NNK3UQHG', teamName='Seiji Harazono', teamType='Individual', username='onoz.dev@gmail.com', isFreeProvisioningTeam='0'>'>
	<IDEDistributionContext: 0x7fdabc269f70; archive = '<IDEArchive: 0x7fdabc840660>', distributionMethod='<IDEDistributionMethodDeveloperID: 0x7fdabb91e740>', team='<IDEProvisioningDisambiguatableBasicTeam: 0x7fdabd5a8390; teamID='Y6NNK3UQHG', teamName='Seiji Harazono', teamType='Individual', username='onoz.dev@gmail.com', isFreeProvisioningTeam='0'>'>
	<IDEDistributionContext: 0x7fdabc6e6ab0; archive = '<IDEArchive: 0x7fdabc840660>', distributionMethod='<IDEDistributionMethodDeveloperID: 0x7fdabb91e740>', team='<IDEProvisioningDisambiguatableBasicTeam: 0x7fdabd5a8390; teamID='Y6NNK3UQHG', teamName='Seiji Harazono', teamType='Individual', username='onoz.dev@gmail.com', isFreeProvisioningTeam='0'>'>
	<IDEDistributionContext: 0x7fdab4e3f710; archive = '<IDEArchive: 0x7fdabc840660>', distributionMethod='<IDEDistributionMethodDeveloperID: 0x7fdabb91e740>', team='<IDEProvisioningDisambiguatableBasicTeam: 0x7fdabd5a8390; teamID='Y6NNK3UQHG', teamName='Seiji Harazono', teamType='Individual', username='onoz.dev@gmail.com', isFreeProvisioningTeam='0'>'>
	<IDEDistributionContext: 0x7fdac4539dd0; archive = '<IDEArchive: 0x7fdabc840660>', distributionMethod='<IDEDistributionMethodDeveloperID: 0x7fdabb91e740>', team='<IDEProvisioningDisambiguatableBasicTeam: 0x7fdabd5a8390; teamID='Y6NNK3UQHG', teamName='Seiji Harazono', teamType='Individual', username='onoz.dev@gmail.com', isFreeProvisioningTeam='0'>'>
	<IDEDistributionContext: 0x7fdac468beb0; archive = '<IDEArchive: 0x7fdabc840660>', distributionMethod='<IDEDistributionMethodDeveloperID: 0x7fdabb91e740>', team='(null)'>
	<IDEDistributionContext: 0x7fdac463d110; archive = '<IDEArchive: 0x7fdabc840660>', distributionMethod='<IDEDistributionMethodDeveloperID: 0x7fdabb91e740>', team='(null)'>
	<IDEDistributionContext: 0x7fdac4256d50; archive = '<IDEArchive: 0x7fdabc840660>', distributionMethod='(null)', team='(null)'>
</IDEDistributionProcessingPipelineContext: 0x7fdabc488cc0>
2019-04-09 15:45:28 +0000  Processing step: IDEDistributionCreateDestRootStep
2019-04-09 15:45:28 +0000  Processing step: IDEDistributionCopyItemStep
2019-04-09 15:45:28 +0000  Running /usr/bin/ditto '-V' '/Users/on0z/Library/Developer/Xcode/Archives/2019-04-10/SyncWalkman-gui 2019-04-10 0.43.xcarchive/Products/Applications/SyncWalkman-gui.app' '/var/folders/s_/sdz7_3ms5lvcpgpp42pxw4lc0000gn/T/XcodeDistPipeline.~~~aqbvzs/Root/Applications/SyncWalkman-gui.app'
2019-04-09 15:45:28 +0000  >>> Copying /Users/on0z/Library/Developer/Xcode/Archives/2019-04-10/SyncWalkman-gui 2019-04-10 0.43.xcarchive/Products/Applications/SyncWalkman-gui.app 
2019-04-09 15:45:28 +0000  copying file ./Contents/_CodeSignature/CodeResources ... 
2019-04-09 15:45:28 +0000  10295 bytes for ./Contents/_CodeSignature/CodeResources
copying file ./Contents/MacOS/SyncWalkman-gui ... 
2019-04-09 15:45:28 +0000  134496 bytes for ./Contents/MacOS/SyncWalkman-gui
2019-04-09 15:45:28 +0000  copying file ./Contents/Resources/Base.lproj/Main.storyboardc/MainMenu.nib ... 
2019-04-09 15:45:28 +0000  36290 bytes for ./Contents/Resources/Base.lproj/Main.storyboardc/MainMenu.nib
2019-04-09 15:45:28 +0000  copying file ./Contents/Resources/Base.lproj/Main.storyboardc/XfG-lQ-9wD-view-m2S-Jp-Qdl.nib ... 
2019-04-09 15:45:28 +0000  37329 bytes for ./Contents/Resources/Base.lproj/Main.storyboardc/XfG-lQ-9wD-view-m2S-Jp-Qdl.nib
copying file ./Contents/Resources/Base.lproj/Main.storyboardc/NSWindowController-B8D-0N-5wS.nib ... 
2019-04-09 15:45:28 +0000  3558 bytes for ./Contents/Resources/Base.lproj/Main.storyboardc/NSWindowController-B8D-0N-5wS.nib
copying file ./Contents/Resources/Base.lproj/Main.storyboardc/Info.plist ... 
2019-04-09 15:45:28 +0000  445 bytes for ./Contents/Resources/Base.lproj/Main.storyboardc/Info.plist
2019-04-09 15:45:28 +0000  copying file ./Contents/Resources/Assets.car ... 
2019-04-09 15:45:28 +0000  349048 bytes for ./Contents/Resources/Assets.car
2019-04-09 15:45:28 +0000  copying file ./Contents/Resources/AppIcon-1.icns ... 
65830 bytes for ./Contents/Resources/AppIcon-1.icns
copying file ./Contents/Frameworks/libswiftAppKit.dylib ... 
222704 bytes for ./Contents/Frameworks/libswiftAppKit.dylib
copying file ./Contents/Frameworks/libswiftCoreImage.dylib ... 
50064 bytes for ./Contents/Frameworks/libswiftCoreImage.dylib
copying file ./Contents/Frameworks/libswiftObjectiveC.dylib ... 
2019-04-09 15:45:28 +0000  62272 bytes for ./Contents/Frameworks/libswiftObjectiveC.dylib
copying file ./Contents/Frameworks/libswiftXPC.dylib ... 
2019-04-09 15:45:28 +0000  45744 bytes for ./Contents/Frameworks/libswiftXPC.dylib
2019-04-09 15:45:28 +0000  copying file ./Contents/Frameworks/libswiftCore.dylib ... 
2019-04-09 15:45:28 +0000  6456320 bytes for ./Contents/Frameworks/libswiftCore.dylib
copying file ./Contents/Frameworks/libswiftCoreGraphics.dylib ... 
2019-04-09 15:45:28 +0000  190560 bytes for ./Contents/Frameworks/libswiftCoreGraphics.dylib
copying file ./Contents/Frameworks/libswiftMetal.dylib ... 
2019-04-09 15:45:28 +0000  84928 bytes for ./Contents/Frameworks/libswiftMetal.dylib
2019-04-09 15:45:28 +0000  copying file ./Contents/Frameworks/libswiftCoreData.dylib ... 
2019-04-09 15:45:28 +0000  98896 bytes for ./Contents/Frameworks/libswiftCoreData.dylib
2019-04-09 15:45:28 +0000  copying file ./Contents/Frameworks/libswiftDispatch.dylib ... 
2019-04-09 15:45:28 +0000  328272 bytes for ./Contents/Frameworks/libswiftDispatch.dylib
2019-04-09 15:45:28 +0000  copying symlink ./Contents/Frameworks/SyncWalkman.framework/SyncWalkman ... 
2019-04-09 15:45:28 +0000  linked ./Contents/Frameworks/SyncWalkman.framework/SyncWalkman
copying symlink ./Contents/Frameworks/SyncWalkman.framework/Resources ... 
2019-04-09 15:45:28 +0000  linked ./Contents/Frameworks/SyncWalkman.framework/Resources
copying file ./Contents/Frameworks/SyncWalkman.framework/Versions/A/_CodeSignature/CodeResources ... 
2442 bytes for ./Contents/Frameworks/SyncWalkman.framework/Versions/A/_CodeSignature/CodeResources
copying file ./Contents/Frameworks/SyncWalkman.framework/Versions/A/SyncWalkman ... 
212304 bytes for ./Contents/Frameworks/SyncWalkman.framework/Versions/A/SyncWalkman
copying file ./Contents/Frameworks/SyncWalkman.framework/Versions/A/Resources/Info.plist ... 
2019-04-09 15:45:29 +0000  1500 bytes for ./Contents/Frameworks/SyncWalkman.framework/Versions/A/Resources/Info.plist
2019-04-09 15:45:29 +0000  copying symlink ./Contents/Frameworks/SyncWalkman.framework/Versions/Current ... 
2019-04-09 15:45:29 +0000  linked ./Contents/Frameworks/SyncWalkman.framework/Versions/Current
2019-04-09 15:45:29 +0000  copying file ./Contents/Frameworks/libswiftos.dylib ... 
72368 bytes for ./Contents/Frameworks/libswiftos.dylib
copying file ./Contents/Frameworks/libswiftCoreFoundation.dylib ... 
2019-04-09 15:45:29 +0000  42128 bytes for ./Contents/Frameworks/libswiftCoreFoundation.dylib
copying file ./Contents/Frameworks/libswiftDarwin.dylib ... 
2019-04-09 15:45:29 +0000  99088 bytes for ./Contents/Frameworks/libswiftDarwin.dylib
2019-04-09 15:45:29 +0000  copying file ./Contents/Frameworks/libswiftQuartzCore.dylib ... 
2019-04-09 15:45:29 +0000  58352 bytes for ./Contents/Frameworks/libswiftQuartzCore.dylib
2019-04-09 15:45:29 +0000  copying file ./Contents/Frameworks/libswiftIOKit.dylib ... 
2019-04-09 15:45:29 +0000  45664 bytes for ./Contents/Frameworks/libswiftIOKit.dylib
2019-04-09 15:45:29 +0000  copying file ./Contents/Frameworks/libswiftFoundation.dylib ... 
2019-04-09 15:45:29 +0000  3163408 bytes for ./Contents/Frameworks/libswiftFoundation.dylib
2019-04-09 15:45:29 +0000  copying file ./Contents/Info.plist ... 
1950 bytes for ./Contents/Info.plist
copying file ./Contents/PkgInfo ... 
2019-04-09 15:45:29 +0000  8 bytes for ./Contents/PkgInfo
2019-04-09 15:45:29 +0000  /usr/bin/ditto exited with 0
2019-04-09 15:45:29 +0000  Processing step: IDEDistributionEmbedProfileStep
2019-04-09 15:45:29 +0000  Skipping profile for item: <IDEDistributionItem: 0x7fdac46a92c0 'com.on0z.SyncWalkman' '<DVTFilePath:0x7fdabc480ba0:'/Users/on0z/Library/Developer/Xcode/Archives/2019-04-10/SyncWalkman-gui 2019-04-10 0.43.xcarchive/Products/Applications/SyncWalkman-gui.app/Contents/Frameworks/SyncWalkman.framework/Versions/A'>'>
2019-04-09 15:45:29 +0000  Skipping profile for item: <IDEDistributionItem: 0x7fdab9c6fb00 'com.apple.dt.runtime.swiftAppKit' '<DVTFilePath:0x7fdac40e00e0:'/Users/on0z/Library/Developer/Xcode/Archives/2019-04-10/SyncWalkman-gui 2019-04-10 0.43.xcarchive/Products/Applications/SyncWalkman-gui.app/Contents/Frameworks/libswiftAppKit.dylib'>'>
2019-04-09 15:45:29 +0000  Skipping profile for item: <IDEDistributionItem: 0x7fdab7de6c70 'com.apple.dt.runtime.swiftCore' '<DVTFilePath:0x7fdabcfe9f30:'/Users/on0z/Library/Developer/Xcode/Archives/2019-04-10/SyncWalkman-gui 2019-04-10 0.43.xcarchive/Products/Applications/SyncWalkman-gui.app/Contents/Frameworks/libswiftCore.dylib'>'>
2019-04-09 15:45:29 +0000  Skipping profile for item: <IDEDistributionItem: 0x7fdac403c170 'com.apple.dt.runtime.swiftCoreData' '<DVTFilePath:0x7fdac488f490:'/Users/on0z/Library/Developer/Xcode/Archives/2019-04-10/SyncWalkman-gui 2019-04-10 0.43.xcarchive/Products/Applications/SyncWalkman-gui.app/Contents/Frameworks/libswiftCoreData.dylib'>'>
2019-04-09 15:45:29 +0000  Skipping profile for item: <IDEDistributionItem: 0x7fdab9c73230 'com.apple.dt.runtime.swiftCoreFoundation' '<DVTFilePath:0x7fdac4645490:'/Users/on0z/Library/Developer/Xcode/Archives/2019-04-10/SyncWalkman-gui 2019-04-10 0.43.xcarchive/Products/Applications/SyncWalkman-gui.app/Contents/Frameworks/libswiftCoreFoundation.dylib'>'>
2019-04-09 15:45:29 +0000  Skipping profile for item: <IDEDistributionItem: 0x7fdac463bac0 'com.apple.dt.runtime.swiftCoreGraphics' '<DVTFilePath:0x7fdabc423250:'/Users/on0z/Library/Developer/Xcode/Archives/2019-04-10/SyncWalkman-gui 2019-04-10 0.43.xcarchive/Products/Applications/SyncWalkman-gui.app/Contents/Frameworks/libswiftCoreGraphics.dylib'>'>
2019-04-09 15:45:29 +0000  Skipping profile for item: <IDEDistributionItem: 0x7fdab9c79600 'com.apple.dt.runtime.swiftCoreImage' '<DVTFilePath:0x7fdabc466070:'/Users/on0z/Library/Developer/Xcode/Archives/2019-04-10/SyncWalkman-gui 2019-04-10 0.43.xcarchive/Products/Applications/SyncWalkman-gui.app/Contents/Frameworks/libswiftCoreImage.dylib'>'>
2019-04-09 15:45:29 +0000  Skipping profile for item: <IDEDistributionItem: 0x7fdac468a2e0 'com.apple.dt.runtime.swiftDarwin' '<DVTFilePath:0x7fdabcfcea20:'/Users/on0z/Library/Developer/Xcode/Archives/2019-04-10/SyncWalkman-gui 2019-04-10 0.43.xcarchive/Products/Applications/SyncWalkman-gui.app/Contents/Frameworks/libswiftDarwin.dylib'>'>
2019-04-09 15:45:29 +0000  Skipping profile for item: <IDEDistributionItem: 0x7fdab4fe2140 'com.apple.dt.runtime.swiftDispatch' '<DVTFilePath:0x7fdac48256d0:'/Users/on0z/Library/Developer/Xcode/Archives/2019-04-10/SyncWalkman-gui 2019-04-10 0.43.xcarchive/Products/Applications/SyncWalkman-gui.app/Contents/Frameworks/libswiftDispatch.dylib'>'>
2019-04-09 15:45:29 +0000  Skipping profile for item: <IDEDistributionItem: 0x7fdac47758f0 'com.apple.dt.runtime.swiftFoundation' '<DVTFilePath:0x7fdabaa5e2d0:'/Users/on0z/Library/Developer/Xcode/Archives/2019-04-10/SyncWalkman-gui 2019-04-10 0.43.xcarchive/Products/Applications/SyncWalkman-gui.app/Contents/Frameworks/libswiftFoundation.dylib'>'>
2019-04-09 15:45:29 +0000  Skipping profile for item: <IDEDistributionItem: 0x7fdac473d1e0 'com.apple.dt.runtime.swiftIOKit' '<DVTFilePath:0x7fdabcfd67b0:'/Users/on0z/Library/Developer/Xcode/Archives/2019-04-10/SyncWalkman-gui 2019-04-10 0.43.xcarchive/Products/Applications/SyncWalkman-gui.app/Contents/Frameworks/libswiftIOKit.dylib'>'>
2019-04-09 15:45:29 +0000  Skipping profile for item: <IDEDistributionItem: 0x7fdac4758870 'com.apple.dt.runtime.swiftMetal' '<DVTFilePath:0x7fdac46ccff0:'/Users/on0z/Library/Developer/Xcode/Archives/2019-04-10/SyncWalkman-gui 2019-04-10 0.43.xcarchive/Products/Applications/SyncWalkman-gui.app/Contents/Frameworks/libswiftMetal.dylib'>'>
2019-04-09 15:45:29 +0000  Skipping profile for item: <IDEDistributionItem: 0x7fdac4738af0 'com.apple.dt.runtime.swiftObjectiveC' '<DVTFilePath:0x7fdabc4d7010:'/Users/on0z/Library/Developer/Xcode/Archives/2019-04-10/SyncWalkman-gui 2019-04-10 0.43.xcarchive/Products/Applications/SyncWalkman-gui.app/Contents/Frameworks/libswiftObjectiveC.dylib'>'>
2019-04-09 15:45:29 +0000  Skipping profile for item: <IDEDistributionItem: 0x7fdac4650e20 'com.apple.dt.runtime.swiftQuartzCore' '<DVTFilePath:0x7fdabaa048a0:'/Users/on0z/Library/Developer/Xcode/Archives/2019-04-10/SyncWalkman-gui 2019-04-10 0.43.xcarchive/Products/Applications/SyncWalkman-gui.app/Contents/Frameworks/libswiftQuartzCore.dylib'>'>
2019-04-09 15:45:29 +0000  Skipping profile for item: <IDEDistributionItem: 0x7fdac474c430 'com.apple.dt.runtime.swiftXPC' '<DVTFilePath:0x7fdabab4abb0:'/Users/on0z/Library/Developer/Xcode/Archives/2019-04-10/SyncWalkman-gui 2019-04-10 0.43.xcarchive/Products/Applications/SyncWalkman-gui.app/Contents/Frameworks/libswiftXPC.dylib'>'>
2019-04-09 15:45:29 +0000  Skipping profile for item: <IDEDistributionItem: 0x7fdac4771440 'com.apple.dt.runtime.swiftos' '<DVTFilePath:0x7fdac46accd0:'/Users/on0z/Library/Developer/Xcode/Archives/2019-04-10/SyncWalkman-gui 2019-04-10 0.43.xcarchive/Products/Applications/SyncWalkman-gui.app/Contents/Frameworks/libswiftos.dylib'>'>
2019-04-09 15:45:29 +0000  Skipping profile for item: <IDEDistributionItem: 0x7fdabae9c010 'com.on0z.SyncWalkman-gui' '<DVTFilePath:0x7fdabe0d29d0:'/Users/on0z/Library/Developer/Xcode/Archives/2019-04-10/SyncWalkman-gui 2019-04-10 0.43.xcarchive/Products/Applications/SyncWalkman-gui.app'>'>
2019-04-09 15:45:29 +0000  Processing step: IDEDistributionAppThinningPlistStep
2019-04-09 15:45:29 +0000  Processing step: IDEDistributionCompileBitcodeStep
2019-04-09 15:45:29 +0000  Skipping step: IDEDistributionCompileBitcodeStep because it said so
2019-04-09 15:45:29 +0000  Processing step: IDEDistributionCodeSlimmingStep
2019-04-09 15:45:29 +0000  Processing step: IDEDistributionCopyBCSymbolMapsStep
2019-04-09 15:45:29 +0000  Skipping step: IDEDistributionCopyBCSymbolMapsStep because it said so
2019-04-09 15:45:29 +0000  Skipping step: IDEDistributionCopyBCSymbolMapsStep because it said so
2019-04-09 15:45:29 +0000  Skipping step: IDEDistributionCopyBCSymbolMapsStep because it said so
2019-04-09 15:45:29 +0000  Skipping step: IDEDistributionCopyBCSymbolMapsStep because it said so
2019-04-09 15:45:29 +0000  Skipping step: IDEDistributionCopyBCSymbolMapsStep because it said so
2019-04-09 15:45:29 +0000  Skipping step: IDEDistributionCopyBCSymbolMapsStep because it said so
2019-04-09 15:45:29 +0000  Skipping step: IDEDistributionCopyBCSymbolMapsStep because it said so
2019-04-09 15:45:29 +0000  Skipping step: IDEDistributionCopyBCSymbolMapsStep because it said so
2019-04-09 15:45:29 +0000  Skipping step: IDEDistributionCopyBCSymbolMapsStep because it said so
2019-04-09 15:45:29 +0000  Skipping step: IDEDistributionCopyBCSymbolMapsStep because it said so
2019-04-09 15:45:29 +0000  Skipping step: IDEDistributionCopyBCSymbolMapsStep because it said so
2019-04-09 15:45:29 +0000  Skipping step: IDEDistributionCopyBCSymbolMapsStep because it said so
2019-04-09 15:45:29 +0000  Skipping step: IDEDistributionCopyBCSymbolMapsStep because it said so
2019-04-09 15:45:29 +0000  Skipping step: IDEDistributionCopyBCSymbolMapsStep because it said so
2019-04-09 15:45:29 +0000  Skipping step: IDEDistributionCopyBCSymbolMapsStep because it said so
2019-04-09 15:45:29 +0000  Skipping step: IDEDistributionCopyBCSymbolMapsStep because it said so
2019-04-09 15:45:29 +0000  Skipping step: IDEDistributionCopyBCSymbolMapsStep because it said so
2019-04-09 15:45:29 +0000  Processing step: IDEDistributionSymbolsStep
2019-04-09 15:45:29 +0000  Skipping step: IDEDistributionSymbolsStep because it said so
2019-04-09 15:45:29 +0000  Skipping step: IDEDistributionSymbolsStep because it said so
2019-04-09 15:45:29 +0000  Skipping step: IDEDistributionSymbolsStep because it said so
2019-04-09 15:45:29 +0000  Skipping step: IDEDistributionSymbolsStep because it said so
2019-04-09 15:45:29 +0000  Skipping step: IDEDistributionSymbolsStep because it said so
2019-04-09 15:45:29 +0000  Skipping step: IDEDistributionSymbolsStep because it said so
2019-04-09 15:45:29 +0000  Skipping step: IDEDistributionSymbolsStep because it said so
2019-04-09 15:45:29 +0000  Skipping step: IDEDistributionSymbolsStep because it said so
2019-04-09 15:45:29 +0000  Skipping step: IDEDistributionSymbolsStep because it said so
2019-04-09 15:45:29 +0000  Skipping step: IDEDistributionSymbolsStep because it said so
2019-04-09 15:45:29 +0000  Skipping step: IDEDistributionSymbolsStep because it said so
2019-04-09 15:45:29 +0000  Skipping step: IDEDistributionSymbolsStep because it said so
2019-04-09 15:45:29 +0000  Skipping step: IDEDistributionSymbolsStep because it said so
2019-04-09 15:45:29 +0000  Skipping step: IDEDistributionSymbolsStep because it said so
2019-04-09 15:45:29 +0000  Skipping step: IDEDistributionSymbolsStep because it said so
2019-04-09 15:45:29 +0000  Skipping step: IDEDistributionSymbolsStep because it said so
2019-04-09 15:45:29 +0000  Skipping step: IDEDistributionSymbolsStep because it said so
2019-04-09 15:45:29 +0000  Processing step: IDEDistributionAppThinningStep
2019-04-09 15:45:29 +0000  Skipping step: IDEDistributionAppThinningStep because it said so
2019-04-09 15:45:29 +0000  Processing step: IDEDistributionArchThinningStep
2019-04-09 15:45:29 +0000  Running /Applications/Xcode.app/Contents/Developer/Toolchains/XcodeDefault.xctoolchain/usr/bin/lipo '/var/folders/s_/sdz7_3ms5lvcpgpp42pxw4lc0000gn/T/XcodeDistPipeline.~~~aqbvzs/Root/Applications/SyncWalkman-gui.app/Contents/Frameworks/SyncWalkman.framework/Versions/A/SyncWalkman' '-verify_arch' 'arm64e'
2019-04-09 15:45:29 +0000  /Applications/Xcode.app/Contents/Developer/Toolchains/XcodeDefault.xctoolchain/usr/bin/lipo exited with 1
2019-04-09 15:45:29 +0000  Skipping architecture thinning for item "SyncWalkman" because arch "arm64e" wasn't found
2019-04-09 15:45:29 +0000  Running /Applications/Xcode.app/Contents/Developer/Toolchains/XcodeDefault.xctoolchain/usr/bin/lipo '/var/folders/s_/sdz7_3ms5lvcpgpp42pxw4lc0000gn/T/XcodeDistPipeline.~~~aqbvzs/Root/Applications/SyncWalkman-gui.app/Contents/Frameworks/libswiftAppKit.dylib' '-verify_arch' 'arm64e'
2019-04-09 15:45:29 +0000  /Applications/Xcode.app/Contents/Developer/Toolchains/XcodeDefault.xctoolchain/usr/bin/lipo exited with 1
2019-04-09 15:45:29 +0000  Skipping architecture thinning for item "libswiftAppKit.dylib" because arch "arm64e" wasn't found
2019-04-09 15:45:29 +0000  Running /Applications/Xcode.app/Contents/Developer/Toolchains/XcodeDefault.xctoolchain/usr/bin/lipo '/var/folders/s_/sdz7_3ms5lvcpgpp42pxw4lc0000gn/T/XcodeDistPipeline.~~~aqbvzs/Root/Applications/SyncWalkman-gui.app/Contents/Frameworks/libswiftCore.dylib' '-verify_arch' 'arm64e'
2019-04-09 15:45:29 +0000  /Applications/Xcode.app/Contents/Developer/Toolchains/XcodeDefault.xctoolchain/usr/bin/lipo exited with 1
2019-04-09 15:45:29 +0000  Skipping architecture thinning for item "libswiftCore.dylib" because arch "arm64e" wasn't found
2019-04-09 15:45:29 +0000  Running /Applications/Xcode.app/Contents/Developer/Toolchains/XcodeDefault.xctoolchain/usr/bin/lipo '/var/folders/s_/sdz7_3ms5lvcpgpp42pxw4lc0000gn/T/XcodeDistPipeline.~~~aqbvzs/Root/Applications/SyncWalkman-gui.app/Contents/Frameworks/libswiftCoreData.dylib' '-verify_arch' 'arm64e'
2019-04-09 15:45:29 +0000  /Applications/Xcode.app/Contents/Developer/Toolchains/XcodeDefault.xctoolchain/usr/bin/lipo exited with 1
2019-04-09 15:45:29 +0000  Skipping architecture thinning for item "libswiftCoreData.dylib" because arch "arm64e" wasn't found
2019-04-09 15:45:29 +0000  Running /Applications/Xcode.app/Contents/Developer/Toolchains/XcodeDefault.xctoolchain/usr/bin/lipo '/var/folders/s_/sdz7_3ms5lvcpgpp42pxw4lc0000gn/T/XcodeDistPipeline.~~~aqbvzs/Root/Applications/SyncWalkman-gui.app/Contents/Frameworks/libswiftCoreFoundation.dylib' '-verify_arch' 'arm64e'
2019-04-09 15:45:29 +0000  /Applications/Xcode.app/Contents/Developer/Toolchains/XcodeDefault.xctoolchain/usr/bin/lipo exited with 1
2019-04-09 15:45:29 +0000  Skipping architecture thinning for item "libswiftCoreFoundation.dylib" because arch "arm64e" wasn't found
2019-04-09 15:45:29 +0000  Running /Applications/Xcode.app/Contents/Developer/Toolchains/XcodeDefault.xctoolchain/usr/bin/lipo '/var/folders/s_/sdz7_3ms5lvcpgpp42pxw4lc0000gn/T/XcodeDistPipeline.~~~aqbvzs/Root/Applications/SyncWalkman-gui.app/Contents/Frameworks/libswiftCoreGraphics.dylib' '-verify_arch' 'arm64e'
2019-04-09 15:45:29 +0000  /Applications/Xcode.app/Contents/Developer/Toolchains/XcodeDefault.xctoolchain/usr/bin/lipo exited with 1
2019-04-09 15:45:29 +0000  Skipping architecture thinning for item "libswiftCoreGraphics.dylib" because arch "arm64e" wasn't found
2019-04-09 15:45:29 +0000  Running /Applications/Xcode.app/Contents/Developer/Toolchains/XcodeDefault.xctoolchain/usr/bin/lipo '/var/folders/s_/sdz7_3ms5lvcpgpp42pxw4lc0000gn/T/XcodeDistPipeline.~~~aqbvzs/Root/Applications/SyncWalkman-gui.app/Contents/Frameworks/libswiftCoreImage.dylib' '-verify_arch' 'arm64e'
2019-04-09 15:45:29 +0000  /Applications/Xcode.app/Contents/Developer/Toolchains/XcodeDefault.xctoolchain/usr/bin/lipo exited with 1
2019-04-09 15:45:29 +0000  Skipping architecture thinning for item "libswiftCoreImage.dylib" because arch "arm64e" wasn't found
2019-04-09 15:45:29 +0000  Running /Applications/Xcode.app/Contents/Developer/Toolchains/XcodeDefault.xctoolchain/usr/bin/lipo '/var/folders/s_/sdz7_3ms5lvcpgpp42pxw4lc0000gn/T/XcodeDistPipeline.~~~aqbvzs/Root/Applications/SyncWalkman-gui.app/Contents/Frameworks/libswiftDarwin.dylib' '-verify_arch' 'arm64e'
2019-04-09 15:45:29 +0000  /Applications/Xcode.app/Contents/Developer/Toolchains/XcodeDefault.xctoolchain/usr/bin/lipo exited with 1
2019-04-09 15:45:29 +0000  Skipping architecture thinning for item "libswiftDarwin.dylib" because arch "arm64e" wasn't found
2019-04-09 15:45:29 +0000  Running /Applications/Xcode.app/Contents/Developer/Toolchains/XcodeDefault.xctoolchain/usr/bin/lipo '/var/folders/s_/sdz7_3ms5lvcpgpp42pxw4lc0000gn/T/XcodeDistPipeline.~~~aqbvzs/Root/Applications/SyncWalkman-gui.app/Contents/Frameworks/libswiftDispatch.dylib' '-verify_arch' 'arm64e'
2019-04-09 15:45:29 +0000  /Applications/Xcode.app/Contents/Developer/Toolchains/XcodeDefault.xctoolchain/usr/bin/lipo exited with 1
2019-04-09 15:45:29 +0000  Skipping architecture thinning for item "libswiftDispatch.dylib" because arch "arm64e" wasn't found
2019-04-09 15:45:29 +0000  Running /Applications/Xcode.app/Contents/Developer/Toolchains/XcodeDefault.xctoolchain/usr/bin/lipo '/var/folders/s_/sdz7_3ms5lvcpgpp42pxw4lc0000gn/T/XcodeDistPipeline.~~~aqbvzs/Root/Applications/SyncWalkman-gui.app/Contents/Frameworks/libswiftFoundation.dylib' '-verify_arch' 'arm64e'
2019-04-09 15:45:29 +0000  /Applications/Xcode.app/Contents/Developer/Toolchains/XcodeDefault.xctoolchain/usr/bin/lipo exited with 1
2019-04-09 15:45:29 +0000  Skipping architecture thinning for item "libswiftFoundation.dylib" because arch "arm64e" wasn't found
2019-04-09 15:45:29 +0000  Running /Applications/Xcode.app/Contents/Developer/Toolchains/XcodeDefault.xctoolchain/usr/bin/lipo '/var/folders/s_/sdz7_3ms5lvcpgpp42pxw4lc0000gn/T/XcodeDistPipeline.~~~aqbvzs/Root/Applications/SyncWalkman-gui.app/Contents/Frameworks/libswiftIOKit.dylib' '-verify_arch' 'arm64e'
2019-04-09 15:45:29 +0000  /Applications/Xcode.app/Contents/Developer/Toolchains/XcodeDefault.xctoolchain/usr/bin/lipo exited with 1
2019-04-09 15:45:29 +0000  Skipping architecture thinning for item "libswiftIOKit.dylib" because arch "arm64e" wasn't found
2019-04-09 15:45:29 +0000  Running /Applications/Xcode.app/Contents/Developer/Toolchains/XcodeDefault.xctoolchain/usr/bin/lipo '/var/folders/s_/sdz7_3ms5lvcpgpp42pxw4lc0000gn/T/XcodeDistPipeline.~~~aqbvzs/Root/Applications/SyncWalkman-gui.app/Contents/Frameworks/libswiftMetal.dylib' '-verify_arch' 'arm64e'
2019-04-09 15:45:29 +0000  /Applications/Xcode.app/Contents/Developer/Toolchains/XcodeDefault.xctoolchain/usr/bin/lipo exited with 1
2019-04-09 15:45:29 +0000  Skipping architecture thinning for item "libswiftMetal.dylib" because arch "arm64e" wasn't found
2019-04-09 15:45:29 +0000  Running /Applications/Xcode.app/Contents/Developer/Toolchains/XcodeDefault.xctoolchain/usr/bin/lipo '/var/folders/s_/sdz7_3ms5lvcpgpp42pxw4lc0000gn/T/XcodeDistPipeline.~~~aqbvzs/Root/Applications/SyncWalkman-gui.app/Contents/Frameworks/libswiftObjectiveC.dylib' '-verify_arch' 'arm64e'
2019-04-09 15:45:29 +0000  /Applications/Xcode.app/Contents/Developer/Toolchains/XcodeDefault.xctoolchain/usr/bin/lipo exited with 1
2019-04-09 15:45:29 +0000  Skipping architecture thinning for item "libswiftObjectiveC.dylib" because arch "arm64e" wasn't found
2019-04-09 15:45:29 +0000  Running /Applications/Xcode.app/Contents/Developer/Toolchains/XcodeDefault.xctoolchain/usr/bin/lipo '/var/folders/s_/sdz7_3ms5lvcpgpp42pxw4lc0000gn/T/XcodeDistPipeline.~~~aqbvzs/Root/Applications/SyncWalkman-gui.app/Contents/Frameworks/libswiftQuartzCore.dylib' '-verify_arch' 'arm64e'
2019-04-09 15:45:29 +0000  /Applications/Xcode.app/Contents/Developer/Toolchains/XcodeDefault.xctoolchain/usr/bin/lipo exited with 1
2019-04-09 15:45:29 +0000  Skipping architecture thinning for item "libswiftQuartzCore.dylib" because arch "arm64e" wasn't found
2019-04-09 15:45:29 +0000  Running /Applications/Xcode.app/Contents/Developer/Toolchains/XcodeDefault.xctoolchain/usr/bin/lipo '/var/folders/s_/sdz7_3ms5lvcpgpp42pxw4lc0000gn/T/XcodeDistPipeline.~~~aqbvzs/Root/Applications/SyncWalkman-gui.app/Contents/Frameworks/libswiftXPC.dylib' '-verify_arch' 'arm64e'
2019-04-09 15:45:29 +0000  /Applications/Xcode.app/Contents/Developer/Toolchains/XcodeDefault.xctoolchain/usr/bin/lipo exited with 1
2019-04-09 15:45:29 +0000  Skipping architecture thinning for item "libswiftXPC.dylib" because arch "arm64e" wasn't found
2019-04-09 15:45:29 +0000  Running /Applications/Xcode.app/Contents/Developer/Toolchains/XcodeDefault.xctoolchain/usr/bin/lipo '/var/folders/s_/sdz7_3ms5lvcpgpp42pxw4lc0000gn/T/XcodeDistPipeline.~~~aqbvzs/Root/Applications/SyncWalkman-gui.app/Contents/Frameworks/libswiftos.dylib' '-verify_arch' 'arm64e'
2019-04-09 15:45:29 +0000  /Applications/Xcode.app/Contents/Developer/Toolchains/XcodeDefault.xctoolchain/usr/bin/lipo exited with 1
2019-04-09 15:45:29 +0000  Skipping architecture thinning for item "libswiftos.dylib" because arch "arm64e" wasn't found
2019-04-09 15:45:29 +0000  Running /Applications/Xcode.app/Contents/Developer/Toolchains/XcodeDefault.xctoolchain/usr/bin/lipo '/var/folders/s_/sdz7_3ms5lvcpgpp42pxw4lc0000gn/T/XcodeDistPipeline.~~~aqbvzs/Root/Applications/SyncWalkman-gui.app/Contents/MacOS/SyncWalkman-gui' '-verify_arch' 'arm64e'
2019-04-09 15:45:29 +0000  /Applications/Xcode.app/Contents/Developer/Toolchains/XcodeDefault.xctoolchain/usr/bin/lipo exited with 1
2019-04-09 15:45:29 +0000  Skipping architecture thinning for item "SyncWalkman-gui" because arch "arm64e" wasn't found
2019-04-09 15:45:29 +0000  Processing step: IDEDistributionODRStep
2019-04-09 15:45:29 +0000  Processing step: IDEDistributionStripXattrsStep
2019-04-09 15:45:29 +0000  Skipping stripping extended attributes of item: <IDEDistributionItem: 0x7fdac46a92c0 'com.on0z.SyncWalkman' '<DVTFilePath:0x7fdabc480ba0:'/Users/on0z/Library/Developer/Xcode/Archives/2019-04-10/SyncWalkman-gui 2019-04-10 0.43.xcarchive/Products/Applications/SyncWalkman-gui.app/Contents/Frameworks/SyncWalkman.framework/Versions/A'>'>
2019-04-09 15:45:29 +0000  Skipping stripping extended attributes of item: <IDEDistributionItem: 0x7fdab9c6fb00 'com.apple.dt.runtime.swiftAppKit' '<DVTFilePath:0x7fdac40e00e0:'/Users/on0z/Library/Developer/Xcode/Archives/2019-04-10/SyncWalkman-gui 2019-04-10 0.43.xcarchive/Products/Applications/SyncWalkman-gui.app/Contents/Frameworks/libswiftAppKit.dylib'>'>
2019-04-09 15:45:29 +0000  Skipping stripping extended attributes of item: <IDEDistributionItem: 0x7fdab7de6c70 'com.apple.dt.runtime.swiftCore' '<DVTFilePath:0x7fdabcfe9f30:'/Users/on0z/Library/Developer/Xcode/Archives/2019-04-10/SyncWalkman-gui 2019-04-10 0.43.xcarchive/Products/Applications/SyncWalkman-gui.app/Contents/Frameworks/libswiftCore.dylib'>'>
2019-04-09 15:45:29 +0000  Skipping stripping extended attributes of item: <IDEDistributionItem: 0x7fdac403c170 'com.apple.dt.runtime.swiftCoreData' '<DVTFilePath:0x7fdac488f490:'/Users/on0z/Library/Developer/Xcode/Archives/2019-04-10/SyncWalkman-gui 2019-04-10 0.43.xcarchive/Products/Applications/SyncWalkman-gui.app/Contents/Frameworks/libswiftCoreData.dylib'>'>
2019-04-09 15:45:29 +0000  Skipping stripping extended attributes of item: <IDEDistributionItem: 0x7fdab9c73230 'com.apple.dt.runtime.swiftCoreFoundation' '<DVTFilePath:0x7fdac4645490:'/Users/on0z/Library/Developer/Xcode/Archives/2019-04-10/SyncWalkman-gui 2019-04-10 0.43.xcarchive/Products/Applications/SyncWalkman-gui.app/Contents/Frameworks/libswiftCoreFoundation.dylib'>'>
2019-04-09 15:45:29 +0000  Skipping stripping extended attributes of item: <IDEDistributionItem: 0x7fdac463bac0 'com.apple.dt.runtime.swiftCoreGraphics' '<DVTFilePath:0x7fdabc423250:'/Users/on0z/Library/Developer/Xcode/Archives/2019-04-10/SyncWalkman-gui 2019-04-10 0.43.xcarchive/Products/Applications/SyncWalkman-gui.app/Contents/Frameworks/libswiftCoreGraphics.dylib'>'>
2019-04-09 15:45:29 +0000  Skipping stripping extended attributes of item: <IDEDistributionItem: 0x7fdab9c79600 'com.apple.dt.runtime.swiftCoreImage' '<DVTFilePath:0x7fdabc466070:'/Users/on0z/Library/Developer/Xcode/Archives/2019-04-10/SyncWalkman-gui 2019-04-10 0.43.xcarchive/Products/Applications/SyncWalkman-gui.app/Contents/Frameworks/libswiftCoreImage.dylib'>'>
2019-04-09 15:45:29 +0000  Skipping stripping extended attributes of item: <IDEDistributionItem: 0x7fdac468a2e0 'com.apple.dt.runtime.swiftDarwin' '<DVTFilePath:0x7fdabcfcea20:'/Users/on0z/Library/Developer/Xcode/Archives/2019-04-10/SyncWalkman-gui 2019-04-10 0.43.xcarchive/Products/Applications/SyncWalkman-gui.app/Contents/Frameworks/libswiftDarwin.dylib'>'>
2019-04-09 15:45:29 +0000  Skipping stripping extended attributes of item: <IDEDistributionItem: 0x7fdab4fe2140 'com.apple.dt.runtime.swiftDispatch' '<DVTFilePath:0x7fdac48256d0:'/Users/on0z/Library/Developer/Xcode/Archives/2019-04-10/SyncWalkman-gui 2019-04-10 0.43.xcarchive/Products/Applications/SyncWalkman-gui.app/Contents/Frameworks/libswiftDispatch.dylib'>'>
2019-04-09 15:45:29 +0000  Skipping stripping extended attributes of item: <IDEDistributionItem: 0x7fdac47758f0 'com.apple.dt.runtime.swiftFoundation' '<DVTFilePath:0x7fdabaa5e2d0:'/Users/on0z/Library/Developer/Xcode/Archives/2019-04-10/SyncWalkman-gui 2019-04-10 0.43.xcarchive/Products/Applications/SyncWalkman-gui.app/Contents/Frameworks/libswiftFoundation.dylib'>'>
2019-04-09 15:45:29 +0000  Skipping stripping extended attributes of item: <IDEDistributionItem: 0x7fdac473d1e0 'com.apple.dt.runtime.swiftIOKit' '<DVTFilePath:0x7fdabcfd67b0:'/Users/on0z/Library/Developer/Xcode/Archives/2019-04-10/SyncWalkman-gui 2019-04-10 0.43.xcarchive/Products/Applications/SyncWalkman-gui.app/Contents/Frameworks/libswiftIOKit.dylib'>'>
2019-04-09 15:45:29 +0000  Skipping stripping extended attributes of item: <IDEDistributionItem: 0x7fdac4758870 'com.apple.dt.runtime.swiftMetal' '<DVTFilePath:0x7fdac46ccff0:'/Users/on0z/Library/Developer/Xcode/Archives/2019-04-10/SyncWalkman-gui 2019-04-10 0.43.xcarchive/Products/Applications/SyncWalkman-gui.app/Contents/Frameworks/libswiftMetal.dylib'>'>
2019-04-09 15:45:29 +0000  Skipping stripping extended attributes of item: <IDEDistributionItem: 0x7fdac4738af0 'com.apple.dt.runtime.swiftObjectiveC' '<DVTFilePath:0x7fdabc4d7010:'/Users/on0z/Library/Developer/Xcode/Archives/2019-04-10/SyncWalkman-gui 2019-04-10 0.43.xcarchive/Products/Applications/SyncWalkman-gui.app/Contents/Frameworks/libswiftObjectiveC.dylib'>'>
2019-04-09 15:45:29 +0000  Skipping stripping extended attributes of item: <IDEDistributionItem: 0x7fdac4650e20 'com.apple.dt.runtime.swiftQuartzCore' '<DVTFilePath:0x7fdabaa048a0:'/Users/on0z/Library/Developer/Xcode/Archives/2019-04-10/SyncWalkman-gui 2019-04-10 0.43.xcarchive/Products/Applications/SyncWalkman-gui.app/Contents/Frameworks/libswiftQuartzCore.dylib'>'>
2019-04-09 15:45:29 +0000  Skipping stripping extended attributes of item: <IDEDistributionItem: 0x7fdac474c430 'com.apple.dt.runtime.swiftXPC' '<DVTFilePath:0x7fdabab4abb0:'/Users/on0z/Library/Developer/Xcode/Archives/2019-04-10/SyncWalkman-gui 2019-04-10 0.43.xcarchive/Products/Applications/SyncWalkman-gui.app/Contents/Frameworks/libswiftXPC.dylib'>'>
2019-04-09 15:45:29 +0000  Skipping stripping extended attributes of item: <IDEDistributionItem: 0x7fdac4771440 'com.apple.dt.runtime.swiftos' '<DVTFilePath:0x7fdac46accd0:'/Users/on0z/Library/Developer/Xcode/Archives/2019-04-10/SyncWalkman-gui 2019-04-10 0.43.xcarchive/Products/Applications/SyncWalkman-gui.app/Contents/Frameworks/libswiftos.dylib'>'>
2019-04-09 15:45:29 +0000  Running /usr/bin/xattr '-crs' '/var/folders/s_/sdz7_3ms5lvcpgpp42pxw4lc0000gn/T/XcodeDistPipeline.~~~aqbvzs/Root/Applications/SyncWalkman-gui.app'
2019-04-09 15:45:29 +0000  /usr/bin/xattr exited with 0
2019-04-09 15:45:29 +0000  Processing step: IDEDistributionCodesignStep
2019-04-09 15:45:29 +0000  Entitlements for <IDEDistributionItem: 0x7fdac46a92c0 'com.on0z.SyncWalkman' '<DVTFilePath:0x7fdabc480ba0:'/Users/on0z/Library/Developer/Xcode/Archives/2019-04-10/SyncWalkman-gui 2019-04-10 0.43.xcarchive/Products/Applications/SyncWalkman-gui.app/Contents/Frameworks/SyncWalkman.framework/Versions/A'>'>: {
}
2019-04-09 15:45:29 +0000  Writing entitlements for <IDEDistributionItem: 0x7fdac46a92c0 'com.on0z.SyncWalkman' '<DVTFilePath:0x7fdabc480ba0:'/Users/on0z/Library/Developer/Xcode/Archives/2019-04-10/SyncWalkman-gui 2019-04-10 0.43.xcarchive/Products/Applications/SyncWalkman-gui.app/Contents/Frameworks/SyncWalkman.framework/Versions/A'>'> to: /var/folders/s_/sdz7_3ms5lvcpgpp42pxw4lc0000gn/T/XcodeDistPipeline.~~~aqbvzs/entitlements~~~000Eng
2019-04-09 15:45:29 +0000  Running /usr/bin/codesign '-vvv' '--force' '--sign' '5739D336BF492E05DB9D26174E301ECF81244533' '--entitlements' '/var/folders/s_/sdz7_3ms5lvcpgpp42pxw4lc0000gn/T/XcodeDistPipeline.~~~aqbvzs/entitlements~~~000Eng' '--preserve-metadata=identifier,flags,runtime' '--requirements' '=designated => anchor apple generic  and identifier "$self.identifier" and ((cert leaf[field.1.2.840.113635.100.6.1.9] exists) or ( certificate 1[field.1.2.840.113635.100.6.2.6] exists and certificate leaf[field.1.2.840.113635.100.6.1.13] exists  and certificate leaf[subject.OU] = "Y6NNK3UQHG" ))' '/var/folders/s_/sdz7_3ms5lvcpgpp42pxw4lc0000gn/T/XcodeDistPipeline.~~~aqbvzs/Root/Applications/SyncWalkman-gui.app/Contents/Frameworks/SyncWalkman.framework/Versions/A'
2019-04-09 15:45:29 +0000  /var/folders/s_/sdz7_3ms5lvcpgpp42pxw4lc0000gn/T/XcodeDistPipeline.~~~aqbvzs/Root/Applications/SyncWalkman-gui.app/Contents/Frameworks/SyncWalkman.framework/Versions/A: replacing existing signature
2019-04-09 15:45:30 +0000  /var/folders/s_/sdz7_3ms5lvcpgpp42pxw4lc0000gn/T/XcodeDistPipeline.~~~aqbvzs/Root/Applications/SyncWalkman-gui.app/Contents/Frameworks/SyncWalkman.framework/Versions/A: signed bundle with Mach-O thin (x86_64) [com.on0z.SyncWalkman]
2019-04-09 15:45:30 +0000  /usr/bin/codesign exited with 0
2019-04-09 15:45:30 +0000  Entitlements for <IDEDistributionItem: 0x7fdab9c6fb00 'com.apple.dt.runtime.swiftAppKit' '<DVTFilePath:0x7fdac40e00e0:'/Users/on0z/Library/Developer/Xcode/Archives/2019-04-10/SyncWalkman-gui 2019-04-10 0.43.xcarchive/Products/Applications/SyncWalkman-gui.app/Contents/Frameworks/libswiftAppKit.dylib'>'>: {
}
2019-04-09 15:45:30 +0000  Writing entitlements for <IDEDistributionItem: 0x7fdab9c6fb00 'com.apple.dt.runtime.swiftAppKit' '<DVTFilePath:0x7fdac40e00e0:'/Users/on0z/Library/Developer/Xcode/Archives/2019-04-10/SyncWalkman-gui 2019-04-10 0.43.xcarchive/Products/Applications/SyncWalkman-gui.app/Contents/Frameworks/libswiftAppKit.dylib'>'> to: /var/folders/s_/sdz7_3ms5lvcpgpp42pxw4lc0000gn/T/XcodeDistPipeline.~~~aqbvzs/entitlements~~~wKXhs3
2019-04-09 15:45:30 +0000  Running /usr/bin/codesign '-vvv' '--force' '--sign' '5739D336BF492E05DB9D26174E301ECF81244533' '--entitlements' '/var/folders/s_/sdz7_3ms5lvcpgpp42pxw4lc0000gn/T/XcodeDistPipeline.~~~aqbvzs/entitlements~~~wKXhs3' '--preserve-metadata=identifier,flags,runtime' '--requirements' '=designated => anchor apple generic  and identifier "$self.identifier" and ((cert leaf[field.1.2.840.113635.100.6.1.9] exists) or ( certificate 1[field.1.2.840.113635.100.6.2.6] exists and certificate leaf[field.1.2.840.113635.100.6.1.13] exists  and certificate leaf[subject.OU] = "Y6NNK3UQHG" ))' '/var/folders/s_/sdz7_3ms5lvcpgpp42pxw4lc0000gn/T/XcodeDistPipeline.~~~aqbvzs/Root/Applications/SyncWalkman-gui.app/Contents/Frameworks/libswiftAppKit.dylib'
2019-04-09 15:45:30 +0000  /var/folders/s_/sdz7_3ms5lvcpgpp42pxw4lc0000gn/T/XcodeDistPipeline.~~~aqbvzs/Root/Applications/SyncWalkman-gui.app/Contents/Frameworks/libswiftAppKit.dylib: replacing existing signature
2019-04-09 15:45:30 +0000  /var/folders/s_/sdz7_3ms5lvcpgpp42pxw4lc0000gn/T/XcodeDistPipeline.~~~aqbvzs/Root/Applications/SyncWalkman-gui.app/Contents/Frameworks/libswiftAppKit.dylib: signed Mach-O thin (x86_64) [com.apple.dt.runtime.swiftAppKit]
2019-04-09 15:45:30 +0000  /usr/bin/codesign exited with 0
2019-04-09 15:45:30 +0000  Entitlements for <IDEDistributionItem: 0x7fdab7de6c70 'com.apple.dt.runtime.swiftCore' '<DVTFilePath:0x7fdabcfe9f30:'/Users/on0z/Library/Developer/Xcode/Archives/2019-04-10/SyncWalkman-gui 2019-04-10 0.43.xcarchive/Products/Applications/SyncWalkman-gui.app/Contents/Frameworks/libswiftCore.dylib'>'>: {
}
2019-04-09 15:45:30 +0000  Writing entitlements for <IDEDistributionItem: 0x7fdab7de6c70 'com.apple.dt.runtime.swiftCore' '<DVTFilePath:0x7fdabcfe9f30:'/Users/on0z/Library/Developer/Xcode/Archives/2019-04-10/SyncWalkman-gui 2019-04-10 0.43.xcarchive/Products/Applications/SyncWalkman-gui.app/Contents/Frameworks/libswiftCore.dylib'>'> to: /var/folders/s_/sdz7_3ms5lvcpgpp42pxw4lc0000gn/T/XcodeDistPipeline.~~~aqbvzs/entitlements~~~4bm6HI
2019-04-09 15:45:30 +0000  Running /usr/bin/codesign '-vvv' '--force' '--sign' '5739D336BF492E05DB9D26174E301ECF81244533' '--entitlements' '/var/folders/s_/sdz7_3ms5lvcpgpp42pxw4lc0000gn/T/XcodeDistPipeline.~~~aqbvzs/entitlements~~~4bm6HI' '--preserve-metadata=identifier,flags,runtime' '--requirements' '=designated => anchor apple generic  and identifier "$self.identifier" and ((cert leaf[field.1.2.840.113635.100.6.1.9] exists) or ( certificate 1[field.1.2.840.113635.100.6.2.6] exists and certificate leaf[field.1.2.840.113635.100.6.1.13] exists  and certificate leaf[subject.OU] = "Y6NNK3UQHG" ))' '/var/folders/s_/sdz7_3ms5lvcpgpp42pxw4lc0000gn/T/XcodeDistPipeline.~~~aqbvzs/Root/Applications/SyncWalkman-gui.app/Contents/Frameworks/libswiftCore.dylib'
2019-04-09 15:45:30 +0000  /var/folders/s_/sdz7_3ms5lvcpgpp42pxw4lc0000gn/T/XcodeDistPipeline.~~~aqbvzs/Root/Applications/SyncWalkman-gui.app/Contents/Frameworks/libswiftCore.dylib: replacing existing signature
2019-04-09 15:45:30 +0000  /var/folders/s_/sdz7_3ms5lvcpgpp42pxw4lc0000gn/T/XcodeDistPipeline.~~~aqbvzs/Root/Applications/SyncWalkman-gui.app/Contents/Frameworks/libswiftCore.dylib: signed Mach-O thin (x86_64) [com.apple.dt.runtime.swiftCore]
2019-04-09 15:45:30 +0000  /usr/bin/codesign exited with 0
2019-04-09 15:45:30 +0000  Entitlements for <IDEDistributionItem: 0x7fdac403c170 'com.apple.dt.runtime.swiftCoreData' '<DVTFilePath:0x7fdac488f490:'/Users/on0z/Library/Developer/Xcode/Archives/2019-04-10/SyncWalkman-gui 2019-04-10 0.43.xcarchive/Products/Applications/SyncWalkman-gui.app/Contents/Frameworks/libswiftCoreData.dylib'>'>: {
}
2019-04-09 15:45:30 +0000  Writing entitlements for <IDEDistributionItem: 0x7fdac403c170 'com.apple.dt.runtime.swiftCoreData' '<DVTFilePath:0x7fdac488f490:'/Users/on0z/Library/Developer/Xcode/Archives/2019-04-10/SyncWalkman-gui 2019-04-10 0.43.xcarchive/Products/Applications/SyncWalkman-gui.app/Contents/Frameworks/libswiftCoreData.dylib'>'> to: /var/folders/s_/sdz7_3ms5lvcpgpp42pxw4lc0000gn/T/XcodeDistPipeline.~~~aqbvzs/entitlements~~~sg2RMB
2019-04-09 15:45:30 +0000  Running /usr/bin/codesign '-vvv' '--force' '--sign' '5739D336BF492E05DB9D26174E301ECF81244533' '--entitlements' '/var/folders/s_/sdz7_3ms5lvcpgpp42pxw4lc0000gn/T/XcodeDistPipeline.~~~aqbvzs/entitlements~~~sg2RMB' '--preserve-metadata=identifier,flags,runtime' '--requirements' '=designated => anchor apple generic  and identifier "$self.identifier" and ((cert leaf[field.1.2.840.113635.100.6.1.9] exists) or ( certificate 1[field.1.2.840.113635.100.6.2.6] exists and certificate leaf[field.1.2.840.113635.100.6.1.13] exists  and certificate leaf[subject.OU] = "Y6NNK3UQHG" ))' '/var/folders/s_/sdz7_3ms5lvcpgpp42pxw4lc0000gn/T/XcodeDistPipeline.~~~aqbvzs/Root/Applications/SyncWalkman-gui.app/Contents/Frameworks/libswiftCoreData.dylib'
2019-04-09 15:45:31 +0000  /var/folders/s_/sdz7_3ms5lvcpgpp42pxw4lc0000gn/T/XcodeDistPipeline.~~~aqbvzs/Root/Applications/SyncWalkman-gui.app/Contents/Frameworks/libswiftCoreData.dylib: replacing existing signature
2019-04-09 15:45:31 +0000  /var/folders/s_/sdz7_3ms5lvcpgpp42pxw4lc0000gn/T/XcodeDistPipeline.~~~aqbvzs/Root/Applications/SyncWalkman-gui.app/Contents/Frameworks/libswiftCoreData.dylib: signed Mach-O thin (x86_64) [com.apple.dt.runtime.swiftCoreData]
2019-04-09 15:45:31 +0000  
2019-04-09 15:45:31 +0000  /usr/bin/codesign exited with 0
2019-04-09 15:45:31 +0000  Entitlements for <IDEDistributionItem: 0x7fdab9c73230 'com.apple.dt.runtime.swiftCoreFoundation' '<DVTFilePath:0x7fdac4645490:'/Users/on0z/Library/Developer/Xcode/Archives/2019-04-10/SyncWalkman-gui 2019-04-10 0.43.xcarchive/Products/Applications/SyncWalkman-gui.app/Contents/Frameworks/libswiftCoreFoundation.dylib'>'>: {
}
2019-04-09 15:45:31 +0000  Writing entitlements for <IDEDistributionItem: 0x7fdab9c73230 'com.apple.dt.runtime.swiftCoreFoundation' '<DVTFilePath:0x7fdac4645490:'/Users/on0z/Library/Developer/Xcode/Archives/2019-04-10/SyncWalkman-gui 2019-04-10 0.43.xcarchive/Products/Applications/SyncWalkman-gui.app/Contents/Frameworks/libswiftCoreFoundation.dylib'>'> to: /var/folders/s_/sdz7_3ms5lvcpgpp42pxw4lc0000gn/T/XcodeDistPipeline.~~~aqbvzs/entitlements~~~HNJpN7
2019-04-09 15:45:31 +0000  Running /usr/bin/codesign '-vvv' '--force' '--sign' '5739D336BF492E05DB9D26174E301ECF81244533' '--entitlements' '/var/folders/s_/sdz7_3ms5lvcpgpp42pxw4lc0000gn/T/XcodeDistPipeline.~~~aqbvzs/entitlements~~~HNJpN7' '--preserve-metadata=identifier,flags,runtime' '--requirements' '=designated => anchor apple generic  and identifier "$self.identifier" and ((cert leaf[field.1.2.840.113635.100.6.1.9] exists) or ( certificate 1[field.1.2.840.113635.100.6.2.6] exists and certificate leaf[field.1.2.840.113635.100.6.1.13] exists  and certificate leaf[subject.OU] = "Y6NNK3UQHG" ))' '/var/folders/s_/sdz7_3ms5lvcpgpp42pxw4lc0000gn/T/XcodeDistPipeline.~~~aqbvzs/Root/Applications/SyncWalkman-gui.app/Contents/Frameworks/libswiftCoreFoundation.dylib'
2019-04-09 15:45:31 +0000  /var/folders/s_/sdz7_3ms5lvcpgpp42pxw4lc0000gn/T/XcodeDistPipeline.~~~aqbvzs/Root/Applications/SyncWalkman-gui.app/Contents/Frameworks/libswiftCoreFoundation.dylib: replacing existing signature
2019-04-09 15:45:31 +0000  /var/folders/s_/sdz7_3ms5lvcpgpp42pxw4lc0000gn/T/XcodeDistPipeline.~~~aqbvzs/Root/Applications/SyncWalkman-gui.app/Contents/Frameworks/libswiftCoreFoundation.dylib: signed Mach-O thin (x86_64) [com.apple.dt.runtime.swiftCoreFoundation]
2019-04-09 15:45:31 +0000  /usr/bin/codesign exited with 0
2019-04-09 15:45:31 +0000  Entitlements for <IDEDistributionItem: 0x7fdac463bac0 'com.apple.dt.runtime.swiftCoreGraphics' '<DVTFilePath:0x7fdabc423250:'/Users/on0z/Library/Developer/Xcode/Archives/2019-04-10/SyncWalkman-gui 2019-04-10 0.43.xcarchive/Products/Applications/SyncWalkman-gui.app/Contents/Frameworks/libswiftCoreGraphics.dylib'>'>: {
}
2019-04-09 15:45:31 +0000  Writing entitlements for <IDEDistributionItem: 0x7fdac463bac0 'com.apple.dt.runtime.swiftCoreGraphics' '<DVTFilePath:0x7fdabc423250:'/Users/on0z/Library/Developer/Xcode/Archives/2019-04-10/SyncWalkman-gui 2019-04-10 0.43.xcarchive/Products/Applications/SyncWalkman-gui.app/Contents/Frameworks/libswiftCoreGraphics.dylib'>'> to: /var/folders/s_/sdz7_3ms5lvcpgpp42pxw4lc0000gn/T/XcodeDistPipeline.~~~aqbvzs/entitlements~~~Zr1Xjh
2019-04-09 15:45:31 +0000  Running /usr/bin/codesign '-vvv' '--force' '--sign' '5739D336BF492E05DB9D26174E301ECF81244533' '--entitlements' '/var/folders/s_/sdz7_3ms5lvcpgpp42pxw4lc0000gn/T/XcodeDistPipeline.~~~aqbvzs/entitlements~~~Zr1Xjh' '--preserve-metadata=identifier,flags,runtime' '--requirements' '=designated => anchor apple generic  and identifier "$self.identifier" and ((cert leaf[field.1.2.840.113635.100.6.1.9] exists) or ( certificate 1[field.1.2.840.113635.100.6.2.6] exists and certificate leaf[field.1.2.840.113635.100.6.1.13] exists  and certificate leaf[subject.OU] = "Y6NNK3UQHG" ))' '/var/folders/s_/sdz7_3ms5lvcpgpp42pxw4lc0000gn/T/XcodeDistPipeline.~~~aqbvzs/Root/Applications/SyncWalkman-gui.app/Contents/Frameworks/libswiftCoreGraphics.dylib'
2019-04-09 15:45:31 +0000  /var/folders/s_/sdz7_3ms5lvcpgpp42pxw4lc0000gn/T/XcodeDistPipeline.~~~aqbvzs/Root/Applications/SyncWalkman-gui.app/Contents/Frameworks/libswiftCoreGraphics.dylib: replacing existing signature
2019-04-09 15:45:31 +0000  /var/folders/s_/sdz7_3ms5lvcpgpp42pxw4lc0000gn/T/XcodeDistPipeline.~~~aqbvzs/Root/Applications/SyncWalkman-gui.app/Contents/Frameworks/libswiftCoreGraphics.dylib: signed Mach-O thin (x86_64) [com.apple.dt.runtime.swiftCoreGraphics]
2019-04-09 15:45:31 +0000  /usr/bin/codesign exited with 0
2019-04-09 15:45:31 +0000  Entitlements for <IDEDistributionItem: 0x7fdab9c79600 'com.apple.dt.runtime.swiftCoreImage' '<DVTFilePath:0x7fdabc466070:'/Users/on0z/Library/Developer/Xcode/Archives/2019-04-10/SyncWalkman-gui 2019-04-10 0.43.xcarchive/Products/Applications/SyncWalkman-gui.app/Contents/Frameworks/libswiftCoreImage.dylib'>'>: {
}
2019-04-09 15:45:31 +0000  Writing entitlements for <IDEDistributionItem: 0x7fdab9c79600 'com.apple.dt.runtime.swiftCoreImage' '<DVTFilePath:0x7fdabc466070:'/Users/on0z/Library/Developer/Xcode/Archives/2019-04-10/SyncWalkman-gui 2019-04-10 0.43.xcarchive/Products/Applications/SyncWalkman-gui.app/Contents/Frameworks/libswiftCoreImage.dylib'>'> to: /var/folders/s_/sdz7_3ms5lvcpgpp42pxw4lc0000gn/T/XcodeDistPipeline.~~~aqbvzs/entitlements~~~iCQD0F
2019-04-09 15:45:31 +0000  Running /usr/bin/codesign '-vvv' '--force' '--sign' '5739D336BF492E05DB9D26174E301ECF81244533' '--entitlements' '/var/folders/s_/sdz7_3ms5lvcpgpp42pxw4lc0000gn/T/XcodeDistPipeline.~~~aqbvzs/entitlements~~~iCQD0F' '--preserve-metadata=identifier,flags,runtime' '--requirements' '=designated => anchor apple generic  and identifier "$self.identifier" and ((cert leaf[field.1.2.840.113635.100.6.1.9] exists) or ( certificate 1[field.1.2.840.113635.100.6.2.6] exists and certificate leaf[field.1.2.840.113635.100.6.1.13] exists  and certificate leaf[subject.OU] = "Y6NNK3UQHG" ))' '/var/folders/s_/sdz7_3ms5lvcpgpp42pxw4lc0000gn/T/XcodeDistPipeline.~~~aqbvzs/Root/Applications/SyncWalkman-gui.app/Contents/Frameworks/libswiftCoreImage.dylib'
2019-04-09 15:45:31 +0000  /var/folders/s_/sdz7_3ms5lvcpgpp42pxw4lc0000gn/T/XcodeDistPipeline.~~~aqbvzs/Root/Applications/SyncWalkman-gui.app/Contents/Frameworks/libswiftCoreImage.dylib: replacing existing signature
2019-04-09 15:45:31 +0000  /var/folders/s_/sdz7_3ms5lvcpgpp42pxw4lc0000gn/T/XcodeDistPipeline.~~~aqbvzs/Root/Applications/SyncWalkman-gui.app/Contents/Frameworks/libswiftCoreImage.dylib: signed Mach-O thin (x86_64) [com.apple.dt.runtime.swiftCoreImage]
2019-04-09 15:45:31 +0000  /usr/bin/codesign exited with 0
2019-04-09 15:45:31 +0000  Entitlements for <IDEDistributionItem: 0x7fdac468a2e0 'com.apple.dt.runtime.swiftDarwin' '<DVTFilePath:0x7fdabcfcea20:'/Users/on0z/Library/Developer/Xcode/Archives/2019-04-10/SyncWalkman-gui 2019-04-10 0.43.xcarchive/Products/Applications/SyncWalkman-gui.app/Contents/Frameworks/libswiftDarwin.dylib'>'>: {
}
2019-04-09 15:45:31 +0000  Writing entitlements for <IDEDistributionItem: 0x7fdac468a2e0 'com.apple.dt.runtime.swiftDarwin' '<DVTFilePath:0x7fdabcfcea20:'/Users/on0z/Library/Developer/Xcode/Archives/2019-04-10/SyncWalkman-gui 2019-04-10 0.43.xcarchive/Products/Applications/SyncWalkman-gui.app/Contents/Frameworks/libswiftDarwin.dylib'>'> to: /var/folders/s_/sdz7_3ms5lvcpgpp42pxw4lc0000gn/T/XcodeDistPipeline.~~~aqbvzs/entitlements~~~bAVrwF
2019-04-09 15:45:31 +0000  Running /usr/bin/codesign '-vvv' '--force' '--sign' '5739D336BF492E05DB9D26174E301ECF81244533' '--entitlements' '/var/folders/s_/sdz7_3ms5lvcpgpp42pxw4lc0000gn/T/XcodeDistPipeline.~~~aqbvzs/entitlements~~~bAVrwF' '--preserve-metadata=identifier,flags,runtime' '--requirements' '=designated => anchor apple generic  and identifier "$self.identifier" and ((cert leaf[field.1.2.840.113635.100.6.1.9] exists) or ( certificate 1[field.1.2.840.113635.100.6.2.6] exists and certificate leaf[field.1.2.840.113635.100.6.1.13] exists  and certificate leaf[subject.OU] = "Y6NNK3UQHG" ))' '/var/folders/s_/sdz7_3ms5lvcpgpp42pxw4lc0000gn/T/XcodeDistPipeline.~~~aqbvzs/Root/Applications/SyncWalkman-gui.app/Contents/Frameworks/libswiftDarwin.dylib'
2019-04-09 15:45:32 +0000  /var/folders/s_/sdz7_3ms5lvcpgpp42pxw4lc0000gn/T/XcodeDistPipeline.~~~aqbvzs/Root/Applications/SyncWalkman-gui.app/Contents/Frameworks/libswiftDarwin.dylib: replacing existing signature
2019-04-09 15:45:32 +0000  /var/folders/s_/sdz7_3ms5lvcpgpp42pxw4lc0000gn/T/XcodeDistPipeline.~~~aqbvzs/Root/Applications/SyncWalkman-gui.app/Contents/Frameworks/libswiftDarwin.dylib: signed Mach-O thin (x86_64) [com.apple.dt.runtime.swiftDarwin]
2019-04-09 15:45:32 +0000  /usr/bin/codesign exited with 0
2019-04-09 15:45:32 +0000  Entitlements for <IDEDistributionItem: 0x7fdab4fe2140 'com.apple.dt.runtime.swiftDispatch' '<DVTFilePath:0x7fdac48256d0:'/Users/on0z/Library/Developer/Xcode/Archives/2019-04-10/SyncWalkman-gui 2019-04-10 0.43.xcarchive/Products/Applications/SyncWalkman-gui.app/Contents/Frameworks/libswiftDispatch.dylib'>'>: {
}
2019-04-09 15:45:32 +0000  Writing entitlements for <IDEDistributionItem: 0x7fdab4fe2140 'com.apple.dt.runtime.swiftDispatch' '<DVTFilePath:0x7fdac48256d0:'/Users/on0z/Library/Developer/Xcode/Archives/2019-04-10/SyncWalkman-gui 2019-04-10 0.43.xcarchive/Products/Applications/SyncWalkman-gui.app/Contents/Frameworks/libswiftDispatch.dylib'>'> to: /var/folders/s_/sdz7_3ms5lvcpgpp42pxw4lc0000gn/T/XcodeDistPipeline.~~~aqbvzs/entitlements~~~0jZYHZ
2019-04-09 15:45:32 +0000  Running /usr/bin/codesign '-vvv' '--force' '--sign' '5739D336BF492E05DB9D26174E301ECF81244533' '--entitlements' '/var/folders/s_/sdz7_3ms5lvcpgpp42pxw4lc0000gn/T/XcodeDistPipeline.~~~aqbvzs/entitlements~~~0jZYHZ' '--preserve-metadata=identifier,flags,runtime' '--requirements' '=designated => anchor apple generic  and identifier "$self.identifier" and ((cert leaf[field.1.2.840.113635.100.6.1.9] exists) or ( certificate 1[field.1.2.840.113635.100.6.2.6] exists and certificate leaf[field.1.2.840.113635.100.6.1.13] exists  and certificate leaf[subject.OU] = "Y6NNK3UQHG" ))' '/var/folders/s_/sdz7_3ms5lvcpgpp42pxw4lc0000gn/T/XcodeDistPipeline.~~~aqbvzs/Root/Applications/SyncWalkman-gui.app/Contents/Frameworks/libswiftDispatch.dylib'
2019-04-09 15:45:32 +0000  /var/folders/s_/sdz7_3ms5lvcpgpp42pxw4lc0000gn/T/XcodeDistPipeline.~~~aqbvzs/Root/Applications/SyncWalkman-gui.app/Contents/Frameworks/libswiftDispatch.dylib: replacing existing signature
2019-04-09 15:45:32 +0000  /var/folders/s_/sdz7_3ms5lvcpgpp42pxw4lc0000gn/T/XcodeDistPipeline.~~~aqbvzs/Root/Applications/SyncWalkman-gui.app/Contents/Frameworks/libswiftDispatch.dylib: signed Mach-O thin (x86_64) [com.apple.dt.runtime.swiftDispatch]
2019-04-09 15:45:32 +0000  /usr/bin/codesign exited with 0
2019-04-09 15:45:32 +0000  Entitlements for <IDEDistributionItem: 0x7fdac47758f0 'com.apple.dt.runtime.swiftFoundation' '<DVTFilePath:0x7fdabaa5e2d0:'/Users/on0z/Library/Developer/Xcode/Archives/2019-04-10/SyncWalkman-gui 2019-04-10 0.43.xcarchive/Products/Applications/SyncWalkman-gui.app/Contents/Frameworks/libswiftFoundation.dylib'>'>: {
}
2019-04-09 15:45:32 +0000  Writing entitlements for <IDEDistributionItem: 0x7fdac47758f0 'com.apple.dt.runtime.swiftFoundation' '<DVTFilePath:0x7fdabaa5e2d0:'/Users/on0z/Library/Developer/Xcode/Archives/2019-04-10/SyncWalkman-gui 2019-04-10 0.43.xcarchive/Products/Applications/SyncWalkman-gui.app/Contents/Frameworks/libswiftFoundation.dylib'>'> to: /var/folders/s_/sdz7_3ms5lvcpgpp42pxw4lc0000gn/T/XcodeDistPipeline.~~~aqbvzs/entitlements~~~xXDhLw
2019-04-09 15:45:32 +0000  Running /usr/bin/codesign '-vvv' '--force' '--sign' '5739D336BF492E05DB9D26174E301ECF81244533' '--entitlements' '/var/folders/s_/sdz7_3ms5lvcpgpp42pxw4lc0000gn/T/XcodeDistPipeline.~~~aqbvzs/entitlements~~~xXDhLw' '--preserve-metadata=identifier,flags,runtime' '--requirements' '=designated => anchor apple generic  and identifier "$self.identifier" and ((cert leaf[field.1.2.840.113635.100.6.1.9] exists) or ( certificate 1[field.1.2.840.113635.100.6.2.6] exists and certificate leaf[field.1.2.840.113635.100.6.1.13] exists  and certificate leaf[subject.OU] = "Y6NNK3UQHG" ))' '/var/folders/s_/sdz7_3ms5lvcpgpp42pxw4lc0000gn/T/XcodeDistPipeline.~~~aqbvzs/Root/Applications/SyncWalkman-gui.app/Contents/Frameworks/libswiftFoundation.dylib'
2019-04-09 15:45:32 +0000  /var/folders/s_/sdz7_3ms5lvcpgpp42pxw4lc0000gn/T/XcodeDistPipeline.~~~aqbvzs/Root/Applications/SyncWalkman-gui.app/Contents/Frameworks/libswiftFoundation.dylib: replacing existing signature
2019-04-09 15:45:32 +0000  /var/folders/s_/sdz7_3ms5lvcpgpp42pxw4lc0000gn/T/XcodeDistPipeline.~~~aqbvzs/Root/Applications/SyncWalkman-gui.app/Contents/Frameworks/libswiftFoundation.dylib: signed Mach-O thin (x86_64) [com.apple.dt.runtime.swiftFoundation]
2019-04-09 15:45:32 +0000  /usr/bin/codesign exited with 0
2019-04-09 15:45:32 +0000  Entitlements for <IDEDistributionItem: 0x7fdac473d1e0 'com.apple.dt.runtime.swiftIOKit' '<DVTFilePath:0x7fdabcfd67b0:'/Users/on0z/Library/Developer/Xcode/Archives/2019-04-10/SyncWalkman-gui 2019-04-10 0.43.xcarchive/Products/Applications/SyncWalkman-gui.app/Contents/Frameworks/libswiftIOKit.dylib'>'>: {
}
2019-04-09 15:45:32 +0000  Writing entitlements for <IDEDistributionItem: 0x7fdac473d1e0 'com.apple.dt.runtime.swiftIOKit' '<DVTFilePath:0x7fdabcfd67b0:'/Users/on0z/Library/Developer/Xcode/Archives/2019-04-10/SyncWalkman-gui 2019-04-10 0.43.xcarchive/Products/Applications/SyncWalkman-gui.app/Contents/Frameworks/libswiftIOKit.dylib'>'> to: /var/folders/s_/sdz7_3ms5lvcpgpp42pxw4lc0000gn/T/XcodeDistPipeline.~~~aqbvzs/entitlements~~~C4Fr1Q
2019-04-09 15:45:32 +0000  Running /usr/bin/codesign '-vvv' '--force' '--sign' '5739D336BF492E05DB9D26174E301ECF81244533' '--entitlements' '/var/folders/s_/sdz7_3ms5lvcpgpp42pxw4lc0000gn/T/XcodeDistPipeline.~~~aqbvzs/entitlements~~~C4Fr1Q' '--preserve-metadata=identifier,flags,runtime' '--requirements' '=designated => anchor apple generic  and identifier "$self.identifier" and ((cert leaf[field.1.2.840.113635.100.6.1.9] exists) or ( certificate 1[field.1.2.840.113635.100.6.2.6] exists and certificate leaf[field.1.2.840.113635.100.6.1.13] exists  and certificate leaf[subject.OU] = "Y6NNK3UQHG" ))' '/var/folders/s_/sdz7_3ms5lvcpgpp42pxw4lc0000gn/T/XcodeDistPipeline.~~~aqbvzs/Root/Applications/SyncWalkman-gui.app/Contents/Frameworks/libswiftIOKit.dylib'
2019-04-09 15:45:32 +0000  /var/folders/s_/sdz7_3ms5lvcpgpp42pxw4lc0000gn/T/XcodeDistPipeline.~~~aqbvzs/Root/Applications/SyncWalkman-gui.app/Contents/Frameworks/libswiftIOKit.dylib: replacing existing signature
2019-04-09 15:45:33 +0000  /var/folders/s_/sdz7_3ms5lvcpgpp42pxw4lc0000gn/T/XcodeDistPipeline.~~~aqbvzs/Root/Applications/SyncWalkman-gui.app/Contents/Frameworks/libswiftIOKit.dylib: signed Mach-O thin (x86_64) [com.apple.dt.runtime.swiftIOKit]
2019-04-09 15:45:33 +0000  /usr/bin/codesign exited with 0
2019-04-09 15:45:33 +0000  Entitlements for <IDEDistributionItem: 0x7fdac4758870 'com.apple.dt.runtime.swiftMetal' '<DVTFilePath:0x7fdac46ccff0:'/Users/on0z/Library/Developer/Xcode/Archives/2019-04-10/SyncWalkman-gui 2019-04-10 0.43.xcarchive/Products/Applications/SyncWalkman-gui.app/Contents/Frameworks/libswiftMetal.dylib'>'>: {
}
2019-04-09 15:45:33 +0000  Writing entitlements for <IDEDistributionItem: 0x7fdac4758870 'com.apple.dt.runtime.swiftMetal' '<DVTFilePath:0x7fdac46ccff0:'/Users/on0z/Library/Developer/Xcode/Archives/2019-04-10/SyncWalkman-gui 2019-04-10 0.43.xcarchive/Products/Applications/SyncWalkman-gui.app/Contents/Frameworks/libswiftMetal.dylib'>'> to: /var/folders/s_/sdz7_3ms5lvcpgpp42pxw4lc0000gn/T/XcodeDistPipeline.~~~aqbvzs/entitlements~~~FKrKYy
2019-04-09 15:45:33 +0000  Running /usr/bin/codesign '-vvv' '--force' '--sign' '5739D336BF492E05DB9D26174E301ECF81244533' '--entitlements' '/var/folders/s_/sdz7_3ms5lvcpgpp42pxw4lc0000gn/T/XcodeDistPipeline.~~~aqbvzs/entitlements~~~FKrKYy' '--preserve-metadata=identifier,flags,runtime' '--requirements' '=designated => anchor apple generic  and identifier "$self.identifier" and ((cert leaf[field.1.2.840.113635.100.6.1.9] exists) or ( certificate 1[field.1.2.840.113635.100.6.2.6] exists and certificate leaf[field.1.2.840.113635.100.6.1.13] exists  and certificate leaf[subject.OU] = "Y6NNK3UQHG" ))' '/var/folders/s_/sdz7_3ms5lvcpgpp42pxw4lc0000gn/T/XcodeDistPipeline.~~~aqbvzs/Root/Applications/SyncWalkman-gui.app/Contents/Frameworks/libswiftMetal.dylib'
2019-04-09 15:45:33 +0000  /var/folders/s_/sdz7_3ms5lvcpgpp42pxw4lc0000gn/T/XcodeDistPipeline.~~~aqbvzs/Root/Applications/SyncWalkman-gui.app/Contents/Frameworks/libswiftMetal.dylib: replacing existing signature
2019-04-09 15:45:33 +0000  /var/folders/s_/sdz7_3ms5lvcpgpp42pxw4lc0000gn/T/XcodeDistPipeline.~~~aqbvzs/Root/Applications/SyncWalkman-gui.app/Contents/Frameworks/libswiftMetal.dylib: signed Mach-O thin (x86_64) [com.apple.dt.runtime.swiftMetal]
2019-04-09 15:45:33 +0000  /usr/bin/codesign exited with 0
2019-04-09 15:45:33 +0000  Entitlements for <IDEDistributionItem: 0x7fdac4738af0 'com.apple.dt.runtime.swiftObjectiveC' '<DVTFilePath:0x7fdabc4d7010:'/Users/on0z/Library/Developer/Xcode/Archives/2019-04-10/SyncWalkman-gui 2019-04-10 0.43.xcarchive/Products/Applications/SyncWalkman-gui.app/Contents/Frameworks/libswiftObjectiveC.dylib'>'>: {
}
2019-04-09 15:45:33 +0000  Writing entitlements for <IDEDistributionItem: 0x7fdac4738af0 'com.apple.dt.runtime.swiftObjectiveC' '<DVTFilePath:0x7fdabc4d7010:'/Users/on0z/Library/Developer/Xcode/Archives/2019-04-10/SyncWalkman-gui 2019-04-10 0.43.xcarchive/Products/Applications/SyncWalkman-gui.app/Contents/Frameworks/libswiftObjectiveC.dylib'>'> to: /var/folders/s_/sdz7_3ms5lvcpgpp42pxw4lc0000gn/T/XcodeDistPipeline.~~~aqbvzs/entitlements~~~Fx7JjE
2019-04-09 15:45:33 +0000  Running /usr/bin/codesign '-vvv' '--force' '--sign' '5739D336BF492E05DB9D26174E301ECF81244533' '--entitlements' '/var/folders/s_/sdz7_3ms5lvcpgpp42pxw4lc0000gn/T/XcodeDistPipeline.~~~aqbvzs/entitlements~~~Fx7JjE' '--preserve-metadata=identifier,flags,runtime' '--requirements' '=designated => anchor apple generic  and identifier "$self.identifier" and ((cert leaf[field.1.2.840.113635.100.6.1.9] exists) or ( certificate 1[field.1.2.840.113635.100.6.2.6] exists and certificate leaf[field.1.2.840.113635.100.6.1.13] exists  and certificate leaf[subject.OU] = "Y6NNK3UQHG" ))' '/var/folders/s_/sdz7_3ms5lvcpgpp42pxw4lc0000gn/T/XcodeDistPipeline.~~~aqbvzs/Root/Applications/SyncWalkman-gui.app/Contents/Frameworks/libswiftObjectiveC.dylib'
2019-04-09 15:45:33 +0000  /var/folders/s_/sdz7_3ms5lvcpgpp42pxw4lc0000gn/T/XcodeDistPipeline.~~~aqbvzs/Root/Applications/SyncWalkman-gui.app/Contents/Frameworks/libswiftObjectiveC.dylib: replacing existing signature
2019-04-09 15:45:33 +0000  /var/folders/s_/sdz7_3ms5lvcpgpp42pxw4lc0000gn/T/XcodeDistPipeline.~~~aqbvzs/Root/Applications/SyncWalkman-gui.app/Contents/Frameworks/libswiftObjectiveC.dylib: signed Mach-O thin (x86_64) [com.apple.dt.runtime.swiftObjectiveC]
2019-04-09 15:45:33 +0000  /usr/bin/codesign exited with 0
2019-04-09 15:45:33 +0000  Entitlements for <IDEDistributionItem: 0x7fdac4650e20 'com.apple.dt.runtime.swiftQuartzCore' '<DVTFilePath:0x7fdabaa048a0:'/Users/on0z/Library/Developer/Xcode/Archives/2019-04-10/SyncWalkman-gui 2019-04-10 0.43.xcarchive/Products/Applications/SyncWalkman-gui.app/Contents/Frameworks/libswiftQuartzCore.dylib'>'>: {
}
2019-04-09 15:45:33 +0000  Writing entitlements for <IDEDistributionItem: 0x7fdac4650e20 'com.apple.dt.runtime.swiftQuartzCore' '<DVTFilePath:0x7fdabaa048a0:'/Users/on0z/Library/Developer/Xcode/Archives/2019-04-10/SyncWalkman-gui 2019-04-10 0.43.xcarchive/Products/Applications/SyncWalkman-gui.app/Contents/Frameworks/libswiftQuartzCore.dylib'>'> to: /var/folders/s_/sdz7_3ms5lvcpgpp42pxw4lc0000gn/T/XcodeDistPipeline.~~~aqbvzs/entitlements~~~WCHH1J
2019-04-09 15:45:33 +0000  Running /usr/bin/codesign '-vvv' '--force' '--sign' '5739D336BF492E05DB9D26174E301ECF81244533' '--entitlements' '/var/folders/s_/sdz7_3ms5lvcpgpp42pxw4lc0000gn/T/XcodeDistPipeline.~~~aqbvzs/entitlements~~~WCHH1J' '--preserve-metadata=identifier,flags,runtime' '--requirements' '=designated => anchor apple generic  and identifier "$self.identifier" and ((cert leaf[field.1.2.840.113635.100.6.1.9] exists) or ( certificate 1[field.1.2.840.113635.100.6.2.6] exists and certificate leaf[field.1.2.840.113635.100.6.1.13] exists  and certificate leaf[subject.OU] = "Y6NNK3UQHG" ))' '/var/folders/s_/sdz7_3ms5lvcpgpp42pxw4lc0000gn/T/XcodeDistPipeline.~~~aqbvzs/Root/Applications/SyncWalkman-gui.app/Contents/Frameworks/libswiftQuartzCore.dylib'
2019-04-09 15:45:33 +0000  /var/folders/s_/sdz7_3ms5lvcpgpp42pxw4lc0000gn/T/XcodeDistPipeline.~~~aqbvzs/Root/Applications/SyncWalkman-gui.app/Contents/Frameworks/libswiftQuartzCore.dylib: replacing existing signature
2019-04-09 15:45:33 +0000  /var/folders/s_/sdz7_3ms5lvcpgpp42pxw4lc0000gn/T/XcodeDistPipeline.~~~aqbvzs/Root/Applications/SyncWalkman-gui.app/Contents/Frameworks/libswiftQuartzCore.dylib: signed Mach-O thin (x86_64) [com.apple.dt.runtime.swiftQuartzCore]
2019-04-09 15:45:33 +0000  /usr/bin/codesign exited with 0
2019-04-09 15:45:33 +0000  Entitlements for <IDEDistributionItem: 0x7fdac474c430 'com.apple.dt.runtime.swiftXPC' '<DVTFilePath:0x7fdabab4abb0:'/Users/on0z/Library/Developer/Xcode/Archives/2019-04-10/SyncWalkman-gui 2019-04-10 0.43.xcarchive/Products/Applications/SyncWalkman-gui.app/Contents/Frameworks/libswiftXPC.dylib'>'>: {
}
2019-04-09 15:45:33 +0000  Writing entitlements for <IDEDistributionItem: 0x7fdac474c430 'com.apple.dt.runtime.swiftXPC' '<DVTFilePath:0x7fdabab4abb0:'/Users/on0z/Library/Developer/Xcode/Archives/2019-04-10/SyncWalkman-gui 2019-04-10 0.43.xcarchive/Products/Applications/SyncWalkman-gui.app/Contents/Frameworks/libswiftXPC.dylib'>'> to: /var/folders/s_/sdz7_3ms5lvcpgpp42pxw4lc0000gn/T/XcodeDistPipeline.~~~aqbvzs/entitlements~~~sgs2UU
2019-04-09 15:45:33 +0000  Running /usr/bin/codesign '-vvv' '--force' '--sign' '5739D336BF492E05DB9D26174E301ECF81244533' '--entitlements' '/var/folders/s_/sdz7_3ms5lvcpgpp42pxw4lc0000gn/T/XcodeDistPipeline.~~~aqbvzs/entitlements~~~sgs2UU' '--preserve-metadata=identifier,flags,runtime' '--requirements' '=designated => anchor apple generic  and identifier "$self.identifier" and ((cert leaf[field.1.2.840.113635.100.6.1.9] exists) or ( certificate 1[field.1.2.840.113635.100.6.2.6] exists and certificate leaf[field.1.2.840.113635.100.6.1.13] exists  and certificate leaf[subject.OU] = "Y6NNK3UQHG" ))' '/var/folders/s_/sdz7_3ms5lvcpgpp42pxw4lc0000gn/T/XcodeDistPipeline.~~~aqbvzs/Root/Applications/SyncWalkman-gui.app/Contents/Frameworks/libswiftXPC.dylib'
2019-04-09 15:45:33 +0000  /var/folders/s_/sdz7_3ms5lvcpgpp42pxw4lc0000gn/T/XcodeDistPipeline.~~~aqbvzs/Root/Applications/SyncWalkman-gui.app/Contents/Frameworks/libswiftXPC.dylib: replacing existing signature
2019-04-09 15:45:34 +0000  /var/folders/s_/sdz7_3ms5lvcpgpp42pxw4lc0000gn/T/XcodeDistPipeline.~~~aqbvzs/Root/Applications/SyncWalkman-gui.app/Contents/Frameworks/libswiftXPC.dylib: signed Mach-O thin (x86_64) [com.apple.dt.runtime.swiftXPC]
2019-04-09 15:45:34 +0000  /usr/bin/codesign exited with 0
2019-04-09 15:45:34 +0000  Entitlements for <IDEDistributionItem: 0x7fdac4771440 'com.apple.dt.runtime.swiftos' '<DVTFilePath:0x7fdac46accd0:'/Users/on0z/Library/Developer/Xcode/Archives/2019-04-10/SyncWalkman-gui 2019-04-10 0.43.xcarchive/Products/Applications/SyncWalkman-gui.app/Contents/Frameworks/libswiftos.dylib'>'>: {
}
2019-04-09 15:45:34 +0000  Writing entitlements for <IDEDistributionItem: 0x7fdac4771440 'com.apple.dt.runtime.swiftos' '<DVTFilePath:0x7fdac46accd0:'/Users/on0z/Library/Developer/Xcode/Archives/2019-04-10/SyncWalkman-gui 2019-04-10 0.43.xcarchive/Products/Applications/SyncWalkman-gui.app/Contents/Frameworks/libswiftos.dylib'>'> to: /var/folders/s_/sdz7_3ms5lvcpgpp42pxw4lc0000gn/T/XcodeDistPipeline.~~~aqbvzs/entitlements~~~cIxsUh
2019-04-09 15:45:34 +0000  Running /usr/bin/codesign '-vvv' '--force' '--sign' '5739D336BF492E05DB9D26174E301ECF81244533' '--entitlements' '/var/folders/s_/sdz7_3ms5lvcpgpp42pxw4lc0000gn/T/XcodeDistPipeline.~~~aqbvzs/entitlements~~~cIxsUh' '--preserve-metadata=identifier,flags,runtime' '--requirements' '=designated => anchor apple generic  and identifier "$self.identifier" and ((cert leaf[field.1.2.840.113635.100.6.1.9] exists) or ( certificate 1[field.1.2.840.113635.100.6.2.6] exists and certificate leaf[field.1.2.840.113635.100.6.1.13] exists  and certificate leaf[subject.OU] = "Y6NNK3UQHG" ))' '/var/folders/s_/sdz7_3ms5lvcpgpp42pxw4lc0000gn/T/XcodeDistPipeline.~~~aqbvzs/Root/Applications/SyncWalkman-gui.app/Contents/Frameworks/libswiftos.dylib'
2019-04-09 15:45:34 +0000  /var/folders/s_/sdz7_3ms5lvcpgpp42pxw4lc0000gn/T/XcodeDistPipeline.~~~aqbvzs/Root/Applications/SyncWalkman-gui.app/Contents/Frameworks/libswiftos.dylib: replacing existing signature
2019-04-09 15:45:34 +0000  /var/folders/s_/sdz7_3ms5lvcpgpp42pxw4lc0000gn/T/XcodeDistPipeline.~~~aqbvzs/Root/Applications/SyncWalkman-gui.app/Contents/Frameworks/libswiftos.dylib: signed Mach-O thin (x86_64) [com.apple.dt.runtime.swiftos]
2019-04-09 15:45:34 +0000  /usr/bin/codesign exited with 0
2019-04-09 15:45:34 +0000  Entitlements for <IDEDistributionItem: 0x7fdabae9c010 'com.on0z.SyncWalkman-gui' '<DVTFilePath:0x7fdabe0d29d0:'/Users/on0z/Library/Developer/Xcode/Archives/2019-04-10/SyncWalkman-gui 2019-04-10 0.43.xcarchive/Products/Applications/SyncWalkman-gui.app'>'>: {
}
2019-04-09 15:45:34 +0000  Writing entitlements for <IDEDistributionItem: 0x7fdabae9c010 'com.on0z.SyncWalkman-gui' '<DVTFilePath:0x7fdabe0d29d0:'/Users/on0z/Library/Developer/Xcode/Archives/2019-04-10/SyncWalkman-gui 2019-04-10 0.43.xcarchive/Products/Applications/SyncWalkman-gui.app'>'> to: /var/folders/s_/sdz7_3ms5lvcpgpp42pxw4lc0000gn/T/XcodeDistPipeline.~~~aqbvzs/entitlements~~~oJD1Dj
2019-04-09 15:45:34 +0000  Running /usr/bin/codesign '-vvv' '--force' '--sign' '5739D336BF492E05DB9D26174E301ECF81244533' '--entitlements' '/var/folders/s_/sdz7_3ms5lvcpgpp42pxw4lc0000gn/T/XcodeDistPipeline.~~~aqbvzs/entitlements~~~oJD1Dj' '--preserve-metadata=identifier,flags,runtime' '--requirements' '=designated => anchor apple generic  and identifier "$self.identifier" and ((cert leaf[field.1.2.840.113635.100.6.1.9] exists) or ( certificate 1[field.1.2.840.113635.100.6.2.6] exists and certificate leaf[field.1.2.840.113635.100.6.1.13] exists  and certificate leaf[subject.OU] = "Y6NNK3UQHG" ))' '/var/folders/s_/sdz7_3ms5lvcpgpp42pxw4lc0000gn/T/XcodeDistPipeline.~~~aqbvzs/Root/Applications/SyncWalkman-gui.app'
2019-04-09 15:45:34 +0000  /var/folders/s_/sdz7_3ms5lvcpgpp42pxw4lc0000gn/T/XcodeDistPipeline.~~~aqbvzs/Root/Applications/SyncWalkman-gui.app: replacing existing signature
2019-04-09 15:45:34 +0000  /var/folders/s_/sdz7_3ms5lvcpgpp42pxw4lc0000gn/T/XcodeDistPipeline.~~~aqbvzs/Root/Applications/SyncWalkman-gui.app: signed app bundle with Mach-O thin (x86_64) [com.on0z.SyncWalkman-gui]
2019-04-09 15:45:34 +0000  /usr/bin/codesign exited with 0
2019-04-09 15:45:34 +0000  Processing step: IDEDistributionZipODRItemStep
2019-04-09 15:45:34 +0000  Skipping step: IDEDistributionZipODRItemStep because it said so
2019-04-09 15:45:34 +0000  Skipping step: IDEDistributionZipODRItemStep because it said so
2019-04-09 15:45:34 +0000  Skipping step: IDEDistributionZipODRItemStep because it said so
2019-04-09 15:45:34 +0000  Skipping step: IDEDistributionZipODRItemStep because it said so
2019-04-09 15:45:34 +0000  Skipping step: IDEDistributionZipODRItemStep because it said so
2019-04-09 15:45:34 +0000  Skipping step: IDEDistributionZipODRItemStep because it said so
2019-04-09 15:45:34 +0000  Skipping step: IDEDistributionZipODRItemStep because it said so
2019-04-09 15:45:34 +0000  Skipping step: IDEDistributionZipODRItemStep because it said so
2019-04-09 15:45:34 +0000  Skipping step: IDEDistributionZipODRItemStep because it said so
2019-04-09 15:45:34 +0000  Skipping step: IDEDistributionZipODRItemStep because it said so
2019-04-09 15:45:34 +0000  Skipping step: IDEDistributionZipODRItemStep because it said so
2019-04-09 15:45:34 +0000  Skipping step: IDEDistributionZipODRItemStep because it said so
2019-04-09 15:45:34 +0000  Skipping step: IDEDistributionZipODRItemStep because it said so
2019-04-09 15:45:34 +0000  Skipping step: IDEDistributionZipODRItemStep because it said so
2019-04-09 15:45:34 +0000  Skipping step: IDEDistributionZipODRItemStep because it said so
2019-04-09 15:45:34 +0000  Skipping step: IDEDistributionZipODRItemStep because it said so
2019-04-09 15:45:34 +0000  Skipping step: IDEDistributionZipODRItemStep because it said so
2019-04-09 15:45:34 +0000  Processing step: IDEDistributionSkipPackagingStep
2019-04-09 15:45:34 +0000  Processing step: IDEDistributionAppStoreInformationStep
2019-04-09 15:45:34 +0000  Skipping step: IDEDistributionAppStoreInformationStep because it said so
2019-04-09 15:45:34 +0000  Processing step: IDEDistributionCreateManifestStep
2019-04-09 15:45:34 +0000  Skipping step: IDEDistributionCreateManifestStep because it said so
